{"meta": {"format": 3, "version": "7.13.0", "timestamp": "2025-12-16T04:28:45.661015", "branch_coverage": false, "show_contexts": false}, "files": {"app/__init__.py": {"executed_lines": [1], "summary": {"covered_lines": 0, "num_statements": 0, "percent_covered": 100.0, "percent_covered_display": "100", "missing_lines": 0, "excluded_lines": 0, "percent_statements_covered": 100.0, "percent_statements_covered_display": "100"}, "missing_lines": [], "excluded_lines": [], "functions": {"": {"executed_lines": [1], "summary": {"covered_lines": 0, "num_statements": 0, "percent_covered": 100.0, "percent_covered_display": "100", "missing_lines": 0, "excluded_lines": 0, "percent_statements_covered": 100.0, "percent_statements_covered_display": "100"}, "missing_lines": [], "excluded_lines": []}}, "classes": {"": {"executed_lines": [1], "summary": {"covered_lines": 0, "num_statements": 0, "percent_covered": 100.0, "percent_covered_display": "100", "missing_lines": 0, "excluded_lines": 0, "percent_statements_covered": 100.0, "percent_statements_covered_display": "100"}, "missing_lines": [], "excluded_lines": []}}}, "app/api/endpoints/health.py": {"executed_lines": [1, 14, 15, 16, 18, 20, 21, 61, 62, 81, 82], "summary": {"covered_lines": 10, "num_statements": 21, "percent_covered": 47.61904761904762, "percent_covered_display": "48", "missing_lines": 11, "excluded_lines": 0, "percent_statements_covered": 47.61904761904762, "percent_statements_covered_display": "48"}, "missing_lines": [32, 34, 35, 44, 45, 55, 67, 69, 70, 72, 87], "excluded_lines": [], "functions": {"health_check": {"executed_lines": [], "summary": {"covered_lines": 0, "num_statements": 6, "percent_covered": 0.0, "percent_covered_display": "0", "missing_lines": 6, "excluded_lines": 0, "percent_statements_covered": 0.0, "percent_statements_covered_display": "0"}, "missing_lines": [32, 34, 35, 44, 45, 55], "excluded_lines": []}, "readiness_check": {"executed_lines": [], "summary": {"covered_lines": 0, "num_statements": 4, "percent_covered": 0.0, "percent_covered_display": "0", "missing_lines": 4, "excluded_lines": 0, "percent_statements_covered": 0.0, "percent_statements_covered_display": "0"}, "missing_lines": [67, 69, 70, 72], "excluded_lines": []}, "liveness_check": {"executed_lines": [], "summary": {"covered_lines": 0, "num_statements": 1, "percent_covered": 0.0, "percent_covered_display": "0", "missing_lines": 1, "excluded_lines": 0, "percent_statements_covered": 0.0, "percent_statements_covered_display": "0"}, "missing_lines": [87], "excluded_lines": []}, "": {"executed_lines": [1, 14, 15, 16, 18, 20, 21, 61, 62, 81, 82], "summary": {"covered_lines": 10, "num_statements": 10, "percent_covered": 100.0, "percent_covered_display": "100", "missing_lines": 0, "excluded_lines": 0, "percent_statements_covered": 100.0, "percent_statements_covered_display": "100"}, "missing_lines": [], "excluded_lines": []}}, "classes": {"": {"executed_lines": [1, 14, 15, 16, 18, 20, 21, 61, 62, 81, 82], "summary": {"covered_lines": 10, "num_statements": 21, "percent_covered": 47.61904761904762, "percent_covered_display": "48", "missing_lines": 11, "excluded_lines": 0, "percent_statements_covered": 47.61904761904762, "percent_statements_covered_display": "48"}, "missing_lines": [32, 34, 35, 44, 45, 55, 67, 69, 70, 72, 87], "excluded_lines": []}}}, "app/api/routes.py": {"executed_lines": [1, 25, 26, 27, 28, 29, 30, 31, 32, 33, 34, 35, 36, 39, 42, 45, 47, 48, 55, 56, 57, 61, 90, 128, 129, 131, 132, 136, 138, 141, 142, 163, 164, 209, 212, 213, 214, 218, 221, 222, 226, 227, 228, 230, 234, 236, 240, 241, 242, 245, 246, 248, 249, 256, 258, 259, 262, 263, 264, 269, 272, 273, 274, 275, 277, 294, 295, 329, 330, 332, 333, 334, 335, 342, 343], "summary": {"covered_lines": 74, "num_statements": 100, "percent_covered": 74.0, "percent_covered_display": "74", "missing_lines": 26, "excluded_lines": 0, "percent_statements_covered": 74.0, "percent_statements_covered_display": "74"}, "missing_lines": [58, 133, 160, 215, 216, 231, 232, 250, 253, 254, 265, 266, 336, 337, 338, 339, 377, 378, 381, 382, 383, 389, 391, 396, 397, 398], "excluded_lines": [], "functions": {"get_segments": {"executed_lines": [55, 56, 57, 61, 90, 128, 129, 131, 132, 136, 138], "summary": {"covered_lines": 11, "num_statements": 13, "percent_covered": 84.61538461538461, "percent_covered_display": "85", "missing_lines": 2, "excluded_lines": 0, "percent_statements_covered": 84.61538461538461, "percent_statements_covered_display": "85"}, "missing_lines": [58, 133], "excluded_lines": []}, "metrics": {"executed_lines": [], "summary": {"covered_lines": 0, "num_statements": 1, "percent_covered": 0.0, "percent_covered_display": "0", "missing_lines": 1, "excluded_lines": 0, "percent_statements_covered": 0.0, "percent_statements_covered_display": "0"}, "missing_lines": [160], "excluded_lines": []}, "run_simulation": {"executed_lines": [209, 212, 213, 214, 218, 221, 222, 226, 227, 228, 230, 234, 236, 240, 241, 242, 245, 246, 248, 249, 256, 258, 259, 262, 263, 264, 269, 272, 273, 274, 275, 277], "summary": {"covered_lines": 32, "num_statements": 41, "percent_covered": 78.04878048780488, "percent_covered_display": "78", "missing_lines": 9, "excluded_lines": 0, "percent_statements_covered": 78.04878048780488, "percent_statements_covered_display": "78"}, "missing_lines": [215, 216, 231, 232, 250, 253, 254, 265, 266], "excluded_lines": []}, "get_scenarios": {"executed_lines": [329, 330, 332, 333, 334, 335], "summary": {"covered_lines": 6, "num_statements": 10, "percent_covered": 60.0, "percent_covered_display": "60", "missing_lines": 4, "excluded_lines": 0, "percent_statements_covered": 60.0, "percent_statements_covered_display": "60"}, "missing_lines": [336, 337, 338, 339], "excluded_lines": []}, "get_msas": {"executed_lines": [], "summary": {"covered_lines": 0, "num_statements": 10, "percent_covered": 0.0, "percent_covered_display": "0", "missing_lines": 10, "excluded_lines": 0, "percent_statements_covered": 0.0, "percent_statements_covered_display": "0"}, "missing_lines": [377, 378, 381, 382, 383, 389, 391, 396, 397, 398], "excluded_lines": []}, "": {"executed_lines": [1, 25, 26, 27, 28, 29, 30, 31, 32, 33, 34, 35, 36, 39, 42, 45, 47, 48, 141, 142, 163, 164, 294, 295, 342, 343], "summary": {"covered_lines": 25, "num_statements": 25, "percent_covered": 100.0, "percent_covered_display": "100", "missing_lines": 0, "excluded_lines": 0, "percent_statements_covered": 100.0, "percent_statements_covered_display": "100"}, "missing_lines": [], "excluded_lines": []}}, "classes": {"": {"executed_lines": [1, 25, 26, 27, 28, 29, 30, 31, 32, 33, 34, 35, 36, 39, 42, 45, 47, 48, 55, 56, 57, 61, 90, 128, 129, 131, 132, 136, 138, 141, 142, 163, 164, 209, 212, 213, 214, 218, 221, 222, 226, 227, 228, 230, 234, 236, 240, 241, 242, 245, 246, 248, 249, 256, 258, 259, 262, 263, 264, 269, 272, 273, 274, 275, 277, 294, 295, 329, 330, 332, 333, 334, 335, 342, 343], "summary": {"covered_lines": 74, "num_statements": 100, "percent_covered": 74.0, "percent_covered_display": "74", "missing_lines": 26, "excluded_lines": 0, "percent_statements_covered": 74.0, "percent_statements_covered_display": "74"}, "missing_lines": [58, 133, 160, 215, 216, 231, 232, 250, 253, 254, 265, 266, 336, 337, 338, 339, 377, 378, 381, 382, 383, 389, 391, 396, 397, 398], "excluded_lines": []}}}, "app/core/__init__.py": {"executed_lines": [0], "summary": {"covered_lines": 0, "num_statements": 0, "percent_covered": 100.0, "percent_covered_display": "100", "missing_lines": 0, "excluded_lines": 0, "percent_statements_covered": 100.0, "percent_statements_covered_display": "100"}, "missing_lines": [], "excluded_lines": [], "functions": {"": {"executed_lines": [], "summary": {"covered_lines": 0, "num_statements": 0, "percent_covered": 100.0, "percent_covered_display": "100", "missing_lines": 0, "excluded_lines": 0, "percent_statements_covered": 100.0, "percent_statements_covered_display": "100"}, "missing_lines": [], "excluded_lines": []}}, "classes": {"": {"executed_lines": [], "summary": {"covered_lines": 0, "num_statements": 0, "percent_covered": 100.0, "percent_covered_display": "100", "missing_lines": 0, "excluded_lines": 0, "percent_statements_covered": 100.0, "percent_statements_covered_display": "100"}, "missing_lines": [], "excluded_lines": []}}}, "app/core/cache.py": {"executed_lines": [1, 12, 13, 14, 15, 16, 17, 19, 21, 22, 25, 26, 28, 29, 30, 31, 33, 39, 40, 41, 46, 47, 52, 56, 57, 58, 60, 64, 66, 67, 68, 69, 70, 75, 79, 81, 82, 83, 89, 92], "summary": {"covered_lines": 38, "num_statements": 63, "percent_covered": 60.317460317460316, "percent_covered_display": "60", "missing_lines": 25, "excluded_lines": 0, "percent_statements_covered": 60.317460317460316, "percent_statements_covered_display": "60"}, "missing_lines": [48, 49, 50, 65, 71, 72, 73, 80, 84, 85, 99, 100, 101, 104, 105, 110, 113, 114, 115, 116, 119, 122, 124, 125, 126], "excluded_lines": [], "functions": {"RedisCache.__new__": {"executed_lines": [29, 30, 31], "summary": {"covered_lines": 3, "num_statements": 3, "percent_covered": 100.0, "percent_covered_display": "100", "missing_lines": 0, "excluded_lines": 0, "percent_statements_covered": 100.0, "percent_statements_covered_display": "100"}, "missing_lines": [], "excluded_lines": []}, "RedisCache.connect": {"executed_lines": [39, 40, 41, 46, 47], "summary": {"covered_lines": 5, "num_statements": 8, "percent_covered": 62.5, "percent_covered_display": "62", "missing_lines": 3, "excluded_lines": 0, "percent_statements_covered": 62.5, "percent_statements_covered_display": "62"}, "missing_lines": [48, 49, 50], "excluded_lines": []}, "RedisCache.close": {"executed_lines": [56, 57, 58], "summary": {"covered_lines": 3, "num_statements": 3, "percent_covered": 100.0, "percent_covered_display": "100", "missing_lines": 0, "excluded_lines": 0, "percent_statements_covered": 100.0, "percent_statements_covered_display": "100"}, "missing_lines": [], "excluded_lines": []}, "RedisCache.get": {"executed_lines": [64, 66, 67, 68, 69, 70], "summary": {"covered_lines": 6, "num_statements": 10, "percent_covered": 60.0, "percent_covered_display": "60", "missing_lines": 4, "excluded_lines": 0, "percent_statements_covered": 60.0, "percent_statements_covered_display": "60"}, "missing_lines": [65, 71, 72, 73], "excluded_lines": []}, "RedisCache.set": {"executed_lines": [79, 81, 82, 83], "summary": {"covered_lines": 4, "num_statements": 7, "percent_covered": 57.142857142857146, "percent_covered_display": "57", "missing_lines": 3, "excluded_lines": 0, "percent_statements_covered": 57.142857142857146, "percent_statements_covered_display": "57"}, "missing_lines": [80, 84, 85], "excluded_lines": []}, "cache_response": {"executed_lines": [], "summary": {"covered_lines": 0, "num_statements": 3, "percent_covered": 0.0, "percent_covered_display": "0", "missing_lines": 3, "excluded_lines": 0, "percent_statements_covered": 0.0, "percent_statements_covered_display": "0"}, "missing_lines": [99, 100, 126], "excluded_lines": []}, "cache_response.decorator": {"executed_lines": [], "summary": {"covered_lines": 0, "num_statements": 2, "percent_covered": 0.0, "percent_covered_display": "0", "missing_lines": 2, "excluded_lines": 0, "percent_statements_covered": 0.0, "percent_statements_covered_display": "0"}, "missing_lines": [101, 125], "excluded_lines": []}, "cache_response.decorator.wrapper": {"executed_lines": [], "summary": {"covered_lines": 0, "num_statements": 10, "percent_covered": 0.0, "percent_covered_display": "0", "missing_lines": 10, "excluded_lines": 0, "percent_statements_covered": 0.0, "percent_statements_covered_display": "0"}, "missing_lines": [104, 105, 110, 113, 114, 115, 116, 119, 122, 124], "excluded_lines": []}, "": {"executed_lines": [1, 12, 13, 14, 15, 16, 17, 19, 21, 22, 25, 26, 28, 33, 52, 60, 75, 89, 92], "summary": {"covered_lines": 17, "num_statements": 17, "percent_covered": 100.0, "percent_covered_display": "100", "missing_lines": 0, "excluded_lines": 0, "percent_statements_covered": 100.0, "percent_statements_covered_display": "100"}, "missing_lines": [], "excluded_lines": []}}, "classes": {"RedisCache": {"executed_lines": [29, 30, 31, 39, 40, 41, 46, 47, 56, 57, 58, 64, 66, 67, 68, 69, 70, 79, 81, 82, 83], "summary": {"covered_lines": 21, "num_statements": 31, "percent_covered": 67.74193548387096, "percent_covered_display": "68", "missing_lines": 10, "excluded_lines": 0, "percent_statements_covered": 67.74193548387096, "percent_statements_covered_display": "68"}, "missing_lines": [48, 49, 50, 65, 71, 72, 73, 80, 84, 85], "excluded_lines": []}, "": {"executed_lines": [1, 12, 13, 14, 15, 16, 17, 19, 21, 22, 25, 26, 28, 33, 52, 60, 75, 89, 92], "summary": {"covered_lines": 17, "num_statements": 32, "percent_covered": 53.125, "percent_covered_display": "53", "missing_lines": 15, "excluded_lines": 0, "percent_statements_covered": 53.125, "percent_statements_covered_display": "53"}, "missing_lines": [99, 100, 101, 104, 105, 110, 113, 114, 115, 116, 119, 122, 124, 125, 126], "excluded_lines": []}}}, "app/core/docs.py": {"executed_lines": [1, 15, 17, 31, 135], "summary": {"covered_lines": 4, "num_statements": 4, "percent_covered": 100.0, "percent_covered_display": "100", "missing_lines": 0, "excluded_lines": 0, "percent_statements_covered": 100.0, "percent_statements_covered_display": "100"}, "missing_lines": [], "excluded_lines": [], "functions": {"get_root_documentation": {"executed_lines": [31, 135], "summary": {"covered_lines": 2, "num_statements": 2, "percent_covered": 100.0, "percent_covered_display": "100", "missing_lines": 0, "excluded_lines": 0, "percent_statements_covered": 100.0, "percent_statements_covered_display": "100"}, "missing_lines": [], "excluded_lines": []}, "": {"executed_lines": [1, 15, 17], "summary": {"covered_lines": 2, "num_statements": 2, "percent_covered": 100.0, "percent_covered_display": "100", "missing_lines": 0, "excluded_lines": 0, "percent_statements_covered": 100.0, "percent_statements_covered_display": "100"}, "missing_lines": [], "excluded_lines": []}}, "classes": {"": {"executed_lines": [1, 15, 17, 31, 135], "summary": {"covered_lines": 4, "num_statements": 4, "percent_covered": 100.0, "percent_covered_display": "100", "missing_lines": 0, "excluded_lines": 0, "percent_statements_covered": 100.0, "percent_statements_covered_display": "100"}, "missing_lines": [], "excluded_lines": []}}}, "app/core/exceptions.py": {"executed_lines": [1, 14, 15, 16, 17, 18, 20, 22, 27, 36, 50], "summary": {"covered_lines": 10, "num_statements": 13, "percent_covered": 76.92307692307692, "percent_covered_display": "77", "missing_lines": 3, "excluded_lines": 0, "percent_statements_covered": 76.92307692307692, "percent_statements_covered_display": "77"}, "missing_lines": [41, 57, 59], "excluded_lines": [], "functions": {"http_exception_handler": {"executed_lines": [27], "summary": {"covered_lines": 1, "num_statements": 1, "percent_covered": 100.0, "percent_covered_display": "100", "missing_lines": 0, "excluded_lines": 0, "percent_statements_covered": 100.0, "percent_statements_covered_display": "100"}, "missing_lines": [], "excluded_lines": []}, "validation_exception_handler": {"executed_lines": [], "summary": {"covered_lines": 0, "num_statements": 1, "percent_covered": 0.0, "percent_covered_display": "0", "missing_lines": 1, "excluded_lines": 0, "percent_statements_covered": 0.0, "percent_statements_covered_display": "0"}, "missing_lines": [41], "excluded_lines": []}, "general_exception_handler": {"executed_lines": [], "summary": {"covered_lines": 0, "num_statements": 2, "percent_covered": 0.0, "percent_covered_display": "0", "missing_lines": 2, "excluded_lines": 0, "percent_statements_covered": 0.0, "percent_statements_covered_display": "0"}, "missing_lines": [57, 59], "excluded_lines": []}, "": {"executed_lines": [1, 14, 15, 16, 17, 18, 20, 22, 36, 50], "summary": {"covered_lines": 9, "num_statements": 9, "percent_covered": 100.0, "percent_covered_display": "100", "missing_lines": 0, "excluded_lines": 0, "percent_statements_covered": 100.0, "percent_statements_covered_display": "100"}, "missing_lines": [], "excluded_lines": []}}, "classes": {"": {"executed_lines": [1, 14, 15, 16, 17, 18, 20, 22, 27, 36, 50], "summary": {"covered_lines": 10, "num_statements": 13, "percent_covered": 76.92307692307692, "percent_covered_display": "77", "missing_lines": 3, "excluded_lines": 0, "percent_statements_covered": 76.92307692307692, "percent_statements_covered_display": "77"}, "missing_lines": [41, 57, 59], "excluded_lines": []}}}, "app/core/health.py": {"executed_lines": [1, 19, 20, 21, 22, 23, 24, 26, 29, 30, 32, 33, 34, 37, 73, 106, 117, 118, 121, 122, 129, 139, 141, 146], "summary": {"covered_lines": 22, "num_statements": 44, "percent_covered": 50.0, "percent_covered_display": "50", "missing_lines": 22, "excluded_lines": 0, "percent_statements_covered": 50.0, "percent_statements_covered_display": "50"}, "missing_lines": [46, 47, 48, 49, 50, 55, 56, 57, 63, 64, 65, 82, 83, 84, 90, 91, 96, 97, 98, 123, 125, 127], "excluded_lines": [], "functions": {"check_database": {"executed_lines": [], "summary": {"covered_lines": 0, "num_statements": 11, "percent_covered": 0.0, "percent_covered_display": "0", "missing_lines": 11, "excluded_lines": 0, "percent_statements_covered": 0.0, "percent_statements_covered_display": "0"}, "missing_lines": [46, 47, 48, 49, 50, 55, 56, 57, 63, 64, 65], "excluded_lines": []}, "check_cache": {"executed_lines": [], "summary": {"covered_lines": 0, "num_statements": 8, "percent_covered": 0.0, "percent_covered_display": "0", "missing_lines": 8, "excluded_lines": 0, "percent_statements_covered": 0.0, "percent_statements_covered_display": "0"}, "missing_lines": [82, 83, 84, 90, 91, 96, 97, 98], "excluded_lines": []}, "get_system_health": {"executed_lines": [117, 118, 121, 122, 129], "summary": {"covered_lines": 5, "num_statements": 8, "percent_covered": 62.5, "percent_covered_display": "62", "missing_lines": 3, "excluded_lines": 0, "percent_statements_covered": 62.5, "percent_statements_covered_display": "62"}, "missing_lines": [123, 125, 127], "excluded_lines": []}, "get_status_message": {"executed_lines": [141, 146], "summary": {"covered_lines": 2, "num_statements": 2, "percent_covered": 100.0, "percent_covered_display": "100", "missing_lines": 0, "excluded_lines": 0, "percent_statements_covered": 100.0, "percent_statements_covered_display": "100"}, "missing_lines": [], "excluded_lines": []}, "": {"executed_lines": [1, 19, 20, 21, 22, 23, 24, 26, 29, 30, 32, 33, 34, 37, 73, 106, 139], "summary": {"covered_lines": 15, "num_statements": 15, "percent_covered": 100.0, "percent_covered_display": "100", "missing_lines": 0, "excluded_lines": 0, "percent_statements_covered": 100.0, "percent_statements_covered_display": "100"}, "missing_lines": [], "excluded_lines": []}}, "classes": {"HealthStatus": {"executed_lines": [], "summary": {"covered_lines": 0, "num_statements": 0, "percent_covered": 100.0, "percent_covered_display": "100", "missing_lines": 0, "excluded_lines": 0, "percent_statements_covered": 100.0, "percent_statements_covered_display": "100"}, "missing_lines": [], "excluded_lines": []}, "": {"executed_lines": [1, 19, 20, 21, 22, 23, 24, 26, 29, 30, 32, 33, 34, 37, 73, 106, 117, 118, 121, 122, 129, 139, 141, 146], "summary": {"covered_lines": 22, "num_statements": 44, "percent_covered": 50.0, "percent_covered_display": "50", "missing_lines": 22, "excluded_lines": 0, "percent_statements_covered": 50.0, "percent_statements_covered_display": "50"}, "missing_lines": [46, 47, 48, 49, 50, 55, 56, 57, 63, 64, 65, 82, 83, 84, 90, 91, 96, 97, 98, 123, 125, 127], "excluded_lines": []}}}, "app/core/logging.py": {"executed_lines": [1, 14, 15, 16, 18, 28, 29, 31, 32, 33, 36, 39, 44, 47, 48, 49, 56, 58, 61, 62, 65, 66, 67, 74, 77, 83], "summary": {"covered_lines": 25, "num_statements": 37, "percent_covered": 67.56756756756756, "percent_covered_display": "68", "missing_lines": 12, "excluded_lines": 0, "percent_statements_covered": 67.56756756756756, "percent_statements_covered_display": "68"}, "missing_lines": [37, 40, 41, 42, 50, 51, 52, 54, 68, 70, 71, 75], "excluded_lines": [], "functions": {"setup_logging": {"executed_lines": [28, 29, 31, 32, 33, 36, 39, 44, 47, 48, 49, 56, 58, 61, 62, 65, 66, 67, 74, 77, 83], "summary": {"covered_lines": 21, "num_statements": 33, "percent_covered": 63.63636363636363, "percent_covered_display": "64", "missing_lines": 12, "excluded_lines": 0, "percent_statements_covered": 63.63636363636363, "percent_statements_covered_display": "64"}, "missing_lines": [37, 40, 41, 42, 50, 51, 52, 54, 68, 70, 71, 75], "excluded_lines": []}, "": {"executed_lines": [1, 14, 15, 16, 18], "summary": {"covered_lines": 4, "num_statements": 4, "percent_covered": 100.0, "percent_covered_display": "100", "missing_lines": 0, "excluded_lines": 0, "percent_statements_covered": 100.0, "percent_statements_covered_display": "100"}, "missing_lines": [], "excluded_lines": []}}, "classes": {"": {"executed_lines": [1, 14, 15, 16, 18, 28, 29, 31, 32, 33, 36, 39, 44, 47, 48, 49, 56, 58, 61, 62, 65, 66, 67, 74, 77, 83], "summary": {"covered_lines": 25, "num_statements": 37, "percent_covered": 67.56756756756756, "percent_covered_display": "68", "missing_lines": 12, "excluded_lines": 0, "percent_statements_covered": 67.56756756756756, "percent_statements_covered_display": "68"}, "missing_lines": [37, 40, 41, 42, 50, 51, 52, 54, 68, 70, 71, 75], "excluded_lines": []}}}, "app/core/middleware.py": {"executed_lines": [1, 17, 18, 19, 20, 21, 23, 26, 27, 35, 43, 44, 45, 46, 47, 53, 61, 62, 63], "summary": {"covered_lines": 17, "num_statements": 17, "percent_covered": 100.0, "percent_covered_display": "100", "missing_lines": 0, "excluded_lines": 0, "percent_statements_covered": 100.0, "percent_statements_covered_display": "100"}, "missing_lines": [], "excluded_lines": [], "functions": {"DatabaseErrorMiddleware.dispatch": {"executed_lines": [43, 44, 45, 46, 47, 53, 61, 62, 63], "summary": {"covered_lines": 9, "num_statements": 9, "percent_covered": 100.0, "percent_covered_display": "100", "missing_lines": 0, "excluded_lines": 0, "percent_statements_covered": 100.0, "percent_statements_covered_display": "100"}, "missing_lines": [], "excluded_lines": []}, "": {"executed_lines": [1, 17, 18, 19, 20, 21, 23, 26, 27, 35], "summary": {"covered_lines": 8, "num_statements": 8, "percent_covered": 100.0, "percent_covered_display": "100", "missing_lines": 0, "excluded_lines": 0, "percent_statements_covered": 100.0, "percent_statements_covered_display": "100"}, "missing_lines": [], "excluded_lines": []}}, "classes": {"DatabaseErrorMiddleware": {"executed_lines": [43, 44, 45, 46, 47, 53, 61, 62, 63], "summary": {"covered_lines": 9, "num_statements": 9, "percent_covered": 100.0, "percent_covered_display": "100", "missing_lines": 0, "excluded_lines": 0, "percent_statements_covered": 100.0, "percent_statements_covered_display": "100"}, "missing_lines": [], "excluded_lines": []}, "": {"executed_lines": [1, 17, 18, 19, 20, 21, 23, 26, 27, 35], "summary": {"covered_lines": 8, "num_statements": 8, "percent_covered": 100.0, "percent_covered_display": "100", "missing_lines": 0, "excluded_lines": 0, "percent_statements_covered": 100.0, "percent_statements_covered_display": "100"}, "missing_lines": [], "excluded_lines": []}}}, "app/db/base.py": {"executed_lines": [1, 11, 15], "summary": {"covered_lines": 2, "num_statements": 2, "percent_covered": 100.0, "percent_covered_display": "100", "missing_lines": 0, "excluded_lines": 0, "percent_statements_covered": 100.0, "percent_statements_covered_display": "100"}, "missing_lines": [], "excluded_lines": [], "functions": {"": {"executed_lines": [1, 11, 15], "summary": {"covered_lines": 2, "num_statements": 2, "percent_covered": 100.0, "percent_covered_display": "100", "missing_lines": 0, "excluded_lines": 0, "percent_statements_covered": 100.0, "percent_statements_covered_display": "100"}, "missing_lines": [], "excluded_lines": []}}, "classes": {"": {"executed_lines": [1, 11, 15], "summary": {"covered_lines": 2, "num_statements": 2, "percent_covered": 100.0, "percent_covered_display": "100", "missing_lines": 0, "excluded_lines": 0, "percent_statements_covered": 100.0, "percent_statements_covered_display": "100"}, "missing_lines": [], "excluded_lines": []}}}, "app/db/database.py": {"executed_lines": [1, 19, 20, 21, 24, 31, 35, 38, 41], "summary": {"covered_lines": 8, "num_statements": 21, "percent_covered": 38.095238095238095, "percent_covered_display": "38", "missing_lines": 13, "excluded_lines": 0, "percent_statements_covered": 38.095238095238095, "percent_statements_covered_display": "38"}, "missing_lines": [68, 69, 71, 72, 74, 75, 76, 77, 78, 82, 83, 84, 89], "excluded_lines": [], "functions": {"get_db": {"executed_lines": [], "summary": {"covered_lines": 0, "num_statements": 13, "percent_covered": 0.0, "percent_covered_display": "0", "missing_lines": 13, "excluded_lines": 0, "percent_statements_covered": 0.0, "percent_statements_covered_display": "0"}, "missing_lines": [68, 69, 71, 72, 74, 75, 76, 77, 78, 82, 83, 84, 89], "excluded_lines": []}, "": {"executed_lines": [1, 19, 20, 21, 24, 31, 35, 38, 41], "summary": {"covered_lines": 8, "num_statements": 8, "percent_covered": 100.0, "percent_covered_display": "100", "missing_lines": 0, "excluded_lines": 0, "percent_statements_covered": 100.0, "percent_statements_covered_display": "100"}, "missing_lines": [], "excluded_lines": []}}, "classes": {"": {"executed_lines": [1, 19, 20, 21, 24, 31, 35, 38, 41], "summary": {"covered_lines": 8, "num_statements": 21, "percent_covered": 38.095238095238095, "percent_covered_display": "38", "missing_lines": 13, "excluded_lines": 0, "percent_statements_covered": 38.095238095238095, "percent_statements_covered_display": "38"}, "missing_lines": [68, 69, 71, 72, 74, 75, 76, 77, 78, 82, 83, 84, 89], "excluded_lines": []}}}, "app/db/seed.py": {"executed_lines": [1, 26, 27, 28, 29, 30, 31, 32, 33, 34, 35, 36, 37, 38, 41, 44, 50, 53, 56, 72, 74, 87, 105, 112, 113, 114, 116, 117, 118, 120, 121, 122, 123, 124, 128, 129, 131, 132, 135, 143, 144, 146, 147, 148, 149, 152, 153, 154, 156, 157, 158, 160, 163, 201, 209, 210, 211, 213, 219, 220, 221, 227, 234, 235, 237, 238, 239, 241, 242, 243, 245, 246, 247, 250, 297, 362, 390, 391, 392, 393, 394, 395, 396, 397, 398, 399, 400, 403, 407, 408, 411, 434, 435, 436, 438, 439, 440, 442, 443, 444, 446, 451, 452, 454, 455, 457, 464, 465, 471, 517, 567, 652, 733], "summary": {"covered_lines": 112, "num_statements": 374, "percent_covered": 29.946524064171122, "percent_covered_display": "30", "missing_lines": 262, "excluded_lines": 0, "percent_statements_covered": 29.946524064171122, "percent_statements_covered_display": "30"}, "missing_lines": [77, 78, 79, 80, 94, 95, 96, 97, 98, 99, 100, 101, 102, 126, 150, 172, 173, 174, 175, 176, 178, 179, 181, 182, 183, 184, 185, 187, 188, 190, 191, 192, 193, 194, 195, 197, 198, 214, 216, 217, 222, 223, 224, 259, 262, 264, 265, 266, 269, 270, 271, 272, 273, 274, 275, 276, 279, 280, 281, 284, 285, 288, 289, 290, 291, 292, 294, 307, 308, 309, 310, 311, 314, 315, 316, 317, 318, 319, 321, 323, 324, 325, 328, 329, 331, 332, 333, 334, 337, 338, 340, 341, 342, 343, 346, 347, 348, 350, 351, 352, 354, 355, 357, 358, 359, 404, 405, 447, 448, 458, 462, 466, 467, 468, 483, 485, 487, 489, 490, 493, 494, 495, 497, 499, 500, 501, 505, 506, 507, 508, 509, 510, 511, 514, 548, 550, 551, 554, 555, 556, 558, 559, 560, 561, 562, 563, 564, 588, 589, 591, 592, 594, 595, 596, 598, 599, 602, 603, 604, 606, 609, 610, 612, 614, 616, 617, 618, 619, 622, 623, 628, 634, 635, 636, 637, 639, 640, 641, 642, 644, 645, 646, 647, 648, 649, 669, 670, 671, 673, 674, 676, 678, 680, 682, 683, 684, 685, 688, 689, 690, 691, 693, 694, 697, 698, 704, 706, 715, 716, 717, 718, 720, 721, 722, 723, 725, 726, 727, 728, 729, 730, 765, 768, 769, 770, 773, 774, 775, 777, 778, 779, 780, 781, 782, 785, 786, 787, 788, 789, 790, 791, 792, 793, 796, 797, 798, 801, 802, 803, 804, 805, 806, 807, 808, 811, 812, 813, 814, 815, 816, 818, 819], "excluded_lines": [], "functions": {"get_session": {"executed_lines": [], "summary": {"covered_lines": 0, "num_statements": 4, "percent_covered": 0.0, "percent_covered_display": "0", "missing_lines": 4, "excluded_lines": 0, "percent_statements_covered": 0.0, "percent_statements_covered_display": "0"}, "missing_lines": [77, 78, 79, 80], "excluded_lines": []}, "fetch_fdot_portal": {"executed_lines": [], "summary": {"covered_lines": 0, "num_statements": 9, "percent_covered": 0.0, "percent_covered_display": "0", "missing_lines": 9, "excluded_lines": 0, "percent_statements_covered": 0.0, "percent_statements_covered_display": "0"}, "missing_lines": [94, 95, 96, 97, 98, 99, 100, 101, 102], "excluded_lines": []}, "parse_fdot_links": {"executed_lines": [112, 113, 114, 116, 117, 118, 120, 121, 122, 123, 124, 128, 129, 131, 132], "summary": {"covered_lines": 15, "num_statements": 16, "percent_covered": 93.75, "percent_covered_display": "94", "missing_lines": 1, "excluded_lines": 0, "percent_statements_covered": 93.75, "percent_statements_covered_display": "94"}, "missing_lines": [126], "excluded_lines": []}, "find_dataset_links": {"executed_lines": [143, 144, 146, 147, 148, 149, 152, 153, 154, 156, 157, 158, 160], "summary": {"covered_lines": 13, "num_statements": 14, "percent_covered": 92.85714285714286, "percent_covered_display": "93", "missing_lines": 1, "excluded_lines": 0, "percent_statements_covered": 92.85714285714286, "percent_statements_covered_display": "93"}, "missing_lines": [150], "excluded_lines": []}, "download_file": {"executed_lines": [], "summary": {"covered_lines": 0, "num_statements": 22, "percent_covered": 0.0, "percent_covered_display": "0", "missing_lines": 22, "excluded_lines": 0, "percent_statements_covered": 0.0, "percent_statements_covered_display": "0"}, "missing_lines": [172, 173, 174, 175, 176, 178, 179, 181, 182, 183, 184, 185, 187, 188, 190, 191, 192, 193, 194, 195, 197, 198], "excluded_lines": []}, "extract_zip": {"executed_lines": [209, 210, 211, 213, 219, 220, 221], "summary": {"covered_lines": 7, "num_statements": 13, "percent_covered": 53.84615384615385, "percent_covered_display": "54", "missing_lines": 6, "excluded_lines": 0, "percent_statements_covered": 53.84615384615385, "percent_statements_covered_display": "54"}, "missing_lines": [214, 216, 217, 222, 223, 224], "excluded_lines": []}, "validate_shapefile": {"executed_lines": [234, 235, 237, 238, 239, 241, 242, 243, 245, 246, 247], "summary": {"covered_lines": 11, "num_statements": 11, "percent_covered": 100.0, "percent_covered_display": "100", "missing_lines": 0, "excluded_lines": 0, "percent_statements_covered": 100.0, "percent_statements_covered_display": "100"}, "missing_lines": [], "excluded_lines": []}, "download_dataset": {"executed_lines": [], "summary": {"covered_lines": 0, "num_statements": 24, "percent_covered": 0.0, "percent_covered_display": "0", "missing_lines": 24, "excluded_lines": 0, "percent_statements_covered": 0.0, "percent_statements_covered_display": "0"}, "missing_lines": [259, 262, 264, 265, 266, 269, 270, 271, 272, 273, 274, 275, 276, 279, 280, 281, 284, 285, 288, 289, 290, 291, 292, 294], "excluded_lines": []}, "download_fdot_data": {"executed_lines": [], "summary": {"covered_lines": 0, "num_statements": 38, "percent_covered": 0.0, "percent_covered_display": "0", "missing_lines": 38, "excluded_lines": 0, "percent_statements_covered": 0.0, "percent_statements_covered_display": "0"}, "missing_lines": [307, 308, 309, 310, 311, 314, 315, 316, 317, 318, 319, 321, 323, 324, 325, 328, 329, 331, 332, 333, 334, 337, 338, 340, 341, 342, 343, 346, 347, 348, 350, 351, 352, 354, 355, 357, 358, 359], "excluded_lines": []}, "wait_for_database": {"executed_lines": [390, 391, 392, 393, 394, 395, 396, 397, 398, 399, 400, 403, 407, 408], "summary": {"covered_lines": 14, "num_statements": 16, "percent_covered": 87.5, "percent_covered_display": "88", "missing_lines": 2, "excluded_lines": 0, "percent_statements_covered": 87.5, "percent_statements_covered_display": "88"}, "missing_lines": [404, 405], "excluded_lines": []}, "check_database_seeded": {"executed_lines": [434, 435, 436, 438, 439, 440, 442, 443, 444, 446, 451, 452, 454, 455, 457, 464, 465], "summary": {"covered_lines": 17, "num_statements": 24, "percent_covered": 70.83333333333333, "percent_covered_display": "71", "missing_lines": 7, "excluded_lines": 0, "percent_statements_covered": 70.83333333333333, "percent_statements_covered_display": "71"}, "missing_lines": [447, 448, 458, 462, 466, 467, 468], "excluded_lines": []}, "seed_database_from_tmp": {"executed_lines": [], "summary": {"covered_lines": 0, "num_statements": 20, "percent_covered": 0.0, "percent_covered_display": "0", "missing_lines": 20, "excluded_lines": 0, "percent_statements_covered": 0.0, "percent_statements_covered_display": "0"}, "missing_lines": [483, 485, 487, 489, 490, 493, 494, 495, 497, 499, 500, 501, 505, 506, 507, 508, 509, 510, 511, 514], "excluded_lines": []}, "seed_database": {"executed_lines": [], "summary": {"covered_lines": 0, "num_statements": 13, "percent_covered": 0.0, "percent_covered_display": "0", "missing_lines": 13, "excluded_lines": 0, "percent_statements_covered": 0.0, "percent_statements_covered_display": "0"}, "missing_lines": [548, 550, 551, 554, 555, 556, 558, 559, 560, 561, 562, 563, 564], "excluded_lines": []}, "seed_mpos": {"executed_lines": [], "summary": {"covered_lines": 0, "num_statements": 38, "percent_covered": 0.0, "percent_covered_display": "0", "missing_lines": 38, "excluded_lines": 0, "percent_statements_covered": 0.0, "percent_statements_covered_display": "0"}, "missing_lines": [588, 589, 591, 592, 594, 595, 596, 598, 599, 602, 603, 604, 606, 609, 610, 612, 614, 616, 617, 618, 619, 622, 623, 628, 634, 635, 636, 637, 639, 640, 641, 642, 644, 645, 646, 647, 648, 649], "excluded_lines": []}, "seed_rest_areas": {"executed_lines": [], "summary": {"covered_lines": 0, "num_statements": 36, "percent_covered": 0.0, "percent_covered_display": "0", "missing_lines": 36, "excluded_lines": 0, "percent_statements_covered": 0.0, "percent_statements_covered_display": "0"}, "missing_lines": [669, 670, 671, 673, 674, 676, 678, 680, 682, 683, 684, 685, 688, 689, 690, 691, 693, 694, 697, 698, 704, 706, 715, 716, 717, 718, 720, 721, 722, 723, 725, 726, 727, 728, 729, 730], "excluded_lines": []}, "initialize_database": {"executed_lines": [], "summary": {"covered_lines": 0, "num_statements": 41, "percent_covered": 0.0, "percent_covered_display": "0", "missing_lines": 41, "excluded_lines": 0, "percent_statements_covered": 0.0, "percent_statements_covered_display": "0"}, "missing_lines": [765, 768, 769, 770, 773, 774, 775, 777, 778, 779, 780, 781, 782, 785, 786, 787, 788, 789, 790, 791, 792, 793, 796, 797, 798, 801, 802, 803, 804, 805, 806, 807, 808, 811, 812, 813, 814, 815, 816, 818, 819], "excluded_lines": []}, "": {"executed_lines": [1, 26, 27, 28, 29, 30, 31, 32, 33, 34, 35, 36, 37, 38, 41, 44, 50, 53, 56, 72, 74, 87, 105, 135, 163, 201, 227, 250, 297, 362, 411, 471, 517, 567, 652, 733], "summary": {"covered_lines": 35, "num_statements": 35, "percent_covered": 100.0, "percent_covered_display": "100", "missing_lines": 0, "excluded_lines": 0, "percent_statements_covered": 100.0, "percent_statements_covered_display": "100"}, "missing_lines": [], "excluded_lines": []}}, "classes": {"": {"executed_lines": [1, 26, 27, 28, 29, 30, 31, 32, 33, 34, 35, 36, 37, 38, 41, 44, 50, 53, 56, 72, 74, 87, 105, 112, 113, 114, 116, 117, 118, 120, 121, 122, 123, 124, 128, 129, 131, 132, 135, 143, 144, 146, 147, 148, 149, 152, 153, 154, 156, 157, 158, 160, 163, 201, 209, 210, 211, 213, 219, 220, 221, 227, 234, 235, 237, 238, 239, 241, 242, 243, 245, 246, 247, 250, 297, 362, 390, 391, 392, 393, 394, 395, 396, 397, 398, 399, 400, 403, 407, 408, 411, 434, 435, 436, 438, 439, 440, 442, 443, 444, 446, 451, 452, 454, 455, 457, 464, 465, 471, 517, 567, 652, 733], "summary": {"covered_lines": 112, "num_statements": 374, "percent_covered": 29.946524064171122, "percent_covered_display": "30", "missing_lines": 262, "excluded_lines": 0, "percent_statements_covered": 29.946524064171122, "percent_statements_covered_display": "30"}, "missing_lines": [77, 78, 79, 80, 94, 95, 96, 97, 98, 99, 100, 101, 102, 126, 150, 172, 173, 174, 175, 176, 178, 179, 181, 182, 183, 184, 185, 187, 188, 190, 191, 192, 193, 194, 195, 197, 198, 214, 216, 217, 222, 223, 224, 259, 262, 264, 265, 266, 269, 270, 271, 272, 273, 274, 275, 276, 279, 280, 281, 284, 285, 288, 289, 290, 291, 292, 294, 307, 308, 309, 310, 311, 314, 315, 316, 317, 318, 319, 321, 323, 324, 325, 328, 329, 331, 332, 333, 334, 337, 338, 340, 341, 342, 343, 346, 347, 348, 350, 351, 352, 354, 355, 357, 358, 359, 404, 405, 447, 448, 458, 462, 466, 467, 468, 483, 485, 487, 489, 490, 493, 494, 495, 497, 499, 500, 501, 505, 506, 507, 508, 509, 510, 511, 514, 548, 550, 551, 554, 555, 556, 558, 559, 560, 561, 562, 563, 564, 588, 589, 591, 592, 594, 595, 596, 598, 599, 602, 603, 604, 606, 609, 610, 612, 614, 616, 617, 618, 619, 622, 623, 628, 634, 635, 636, 637, 639, 640, 641, 642, 644, 645, 646, 647, 648, 649, 669, 670, 671, 673, 674, 676, 678, 680, 682, 683, 684, 685, 688, 689, 690, 691, 693, 694, 697, 698, 704, 706, 715, 716, 717, 718, 720, 721, 722, 723, 725, 726, 727, 728, 729, 730, 765, 768, 769, 770, 773, 774, 775, 777, 778, 779, 780, 781, 782, 785, 786, 787, 788, 789, 790, 791, 792, 793, 796, 797, 798, 801, 802, 803, 804, 805, 806, 807, 808, 811, 812, 813, 814, 815, 816, 818, 819], "excluded_lines": []}}}, "app/etl/ingest_fdot.py": {"executed_lines": [1, 33, 34, 35, 36, 37, 38, 39, 40, 43, 47, 51, 56, 59, 97, 115, 118, 119, 120, 121, 122, 124, 127, 128, 129, 130, 131, 133, 135, 138, 151, 154, 155, 156, 159, 160, 161, 162, 163, 165, 168, 181, 184, 185, 187, 189, 192, 211, 214, 218, 219, 222, 225, 227, 228, 230, 233, 250, 253, 254, 255, 256, 258, 259, 260, 261, 264, 265, 267, 268, 270, 273, 286, 289, 292, 293, 296, 298, 301, 314, 317, 324, 329, 332, 335, 336, 338, 340, 343, 376, 397, 430, 503], "summary": {"covered_lines": 92, "num_statements": 174, "percent_covered": 52.87356321839081, "percent_covered_display": "53", "missing_lines": 82, "excluded_lines": 0, "percent_statements_covered": 52.87356321839081, "percent_statements_covered_display": "53"}, "missing_lines": [76, 78, 80, 81, 83, 84, 85, 87, 88, 89, 90, 91, 92, 93, 94, 359, 361, 362, 369, 370, 371, 372, 373, 385, 387, 388, 389, 390, 391, 392, 393, 394, 410, 412, 413, 415, 416, 420, 421, 423, 424, 425, 426, 427, 450, 451, 452, 455, 456, 457, 458, 459, 460, 463, 464, 465, 466, 469, 470, 471, 474, 475, 476, 477, 478, 479, 480, 483, 484, 486, 487, 489, 490, 493, 494, 495, 497, 498, 499, 500, 505, 506], "excluded_lines": [], "functions": {"load_data": {"executed_lines": [], "summary": {"covered_lines": 0, "num_statements": 15, "percent_covered": 0.0, "percent_covered_display": "0", "missing_lines": 15, "excluded_lines": 0, "percent_statements_covered": 0.0, "percent_statements_covered_display": "0"}, "missing_lines": [76, 78, 80, 81, 83, 84, 85, 87, 88, 89, 90, 91, 92, 93, 94], "excluded_lines": []}, "aggregate_attributes": {"executed_lines": [115, 118, 119, 120, 121, 122, 124, 127, 128, 129, 130, 131, 133, 135], "summary": {"covered_lines": 14, "num_statements": 14, "percent_covered": 100.0, "percent_covered_display": "100", "missing_lines": 0, "excluded_lines": 0, "percent_statements_covered": 100.0, "percent_statements_covered_display": "100"}, "missing_lines": [], "excluded_lines": []}, "reproject_and_clean": {"executed_lines": [151, 154, 155, 156, 159, 160, 161, 162, 163, 165], "summary": {"covered_lines": 10, "num_statements": 10, "percent_covered": 100.0, "percent_covered_display": "100", "missing_lines": 0, "excluded_lines": 0, "percent_statements_covered": 100.0, "percent_statements_covered_display": "100"}, "missing_lines": [], "excluded_lines": []}, "calculate_geometric_properties": {"executed_lines": [181, 184, 185, 187, 189], "summary": {"covered_lines": 5, "num_statements": 5, "percent_covered": 100.0, "percent_covered_display": "100", "missing_lines": 0, "excluded_lines": 0, "percent_statements_covered": 100.0, "percent_statements_covered_display": "100"}, "missing_lines": [], "excluded_lines": []}, "calculate_network_properties": {"executed_lines": [211, 214, 218, 219, 222, 225, 227, 228, 230], "summary": {"covered_lines": 9, "num_statements": 9, "percent_covered": 100.0, "percent_covered_display": "100", "missing_lines": 0, "excluded_lines": 0, "percent_statements_covered": 100.0, "percent_statements_covered_display": "100"}, "missing_lines": [], "excluded_lines": []}, "identify_official_classifications": {"executed_lines": [250, 253, 254, 255, 256, 258, 259, 260, 261, 264, 265, 267, 268, 270], "summary": {"covered_lines": 14, "num_statements": 14, "percent_covered": 100.0, "percent_covered_display": "100", "missing_lines": 0, "excluded_lines": 0, "percent_statements_covered": 100.0, "percent_statements_covered_display": "100"}, "missing_lines": [], "excluded_lines": []}, "synthesize_road_names": {"executed_lines": [286, 289, 292, 293, 296, 298], "summary": {"covered_lines": 6, "num_statements": 6, "percent_covered": 100.0, "percent_covered_display": "100", "missing_lines": 0, "excluded_lines": 0, "percent_statements_covered": 100.0, "percent_statements_covered_display": "100"}, "missing_lines": [], "excluded_lines": []}, "prepare_for_database": {"executed_lines": [314, 317, 324, 329, 332, 335, 336, 338, 340], "summary": {"covered_lines": 9, "num_statements": 9, "percent_covered": 100.0, "percent_covered_display": "100", "missing_lines": 0, "excluded_lines": 0, "percent_statements_covered": 100.0, "percent_statements_covered_display": "100"}, "missing_lines": [], "excluded_lines": []}, "ingest_to_postgis": {"executed_lines": [], "summary": {"covered_lines": 0, "num_statements": 8, "percent_covered": 0.0, "percent_covered_display": "0", "missing_lines": 8, "excluded_lines": 0, "percent_statements_covered": 0.0, "percent_statements_covered_display": "0"}, "missing_lines": [359, 361, 362, 369, 370, 371, 372, 373], "excluded_lines": []}, "set_primary_key": {"executed_lines": [], "summary": {"covered_lines": 0, "num_statements": 9, "percent_covered": 0.0, "percent_covered_display": "0", "missing_lines": 9, "excluded_lines": 0, "percent_statements_covered": 0.0, "percent_statements_covered_display": "0"}, "missing_lines": [385, 387, 388, 389, 390, 391, 392, 393, 394], "excluded_lines": []}, "build_network_topology": {"executed_lines": [], "summary": {"covered_lines": 0, "num_statements": 12, "percent_covered": 0.0, "percent_covered_display": "0", "missing_lines": 12, "excluded_lines": 0, "percent_statements_covered": 0.0, "percent_statements_covered_display": "0"}, "missing_lines": [410, 412, 413, 415, 416, 420, 421, 423, 424, 425, 426, 427], "excluded_lines": []}, "run_etl": {"executed_lines": [], "summary": {"covered_lines": 0, "num_statements": 36, "percent_covered": 0.0, "percent_covered_display": "0", "missing_lines": 36, "excluded_lines": 0, "percent_statements_covered": 0.0, "percent_statements_covered_display": "0"}, "missing_lines": [450, 451, 452, 455, 456, 457, 458, 459, 460, 463, 464, 465, 466, 469, 470, 471, 474, 475, 476, 477, 478, 479, 480, 483, 484, 486, 487, 489, 490, 493, 494, 495, 497, 498, 499, 500], "excluded_lines": []}, "": {"executed_lines": [1, 33, 34, 35, 36, 37, 38, 39, 40, 43, 47, 51, 56, 59, 97, 138, 168, 192, 233, 273, 301, 343, 376, 397, 430, 503], "summary": {"covered_lines": 25, "num_statements": 27, "percent_covered": 92.5925925925926, "percent_covered_display": "93", "missing_lines": 2, "excluded_lines": 0, "percent_statements_covered": 92.5925925925926, "percent_statements_covered_display": "93"}, "missing_lines": [505, 506], "excluded_lines": []}}, "classes": {"": {"executed_lines": [1, 33, 34, 35, 36, 37, 38, 39, 40, 43, 47, 51, 56, 59, 97, 115, 118, 119, 120, 121, 122, 124, 127, 128, 129, 130, 131, 133, 135, 138, 151, 154, 155, 156, 159, 160, 161, 162, 163, 165, 168, 181, 184, 185, 187, 189, 192, 211, 214, 218, 219, 222, 225, 227, 228, 230, 233, 250, 253, 254, 255, 256, 258, 259, 260, 261, 264, 265, 267, 268, 270, 273, 286, 289, 292, 293, 296, 298, 301, 314, 317, 324, 329, 332, 335, 336, 338, 340, 343, 376, 397, 430, 503], "summary": {"covered_lines": 92, "num_statements": 174, "percent_covered": 52.87356321839081, "percent_covered_display": "53", "missing_lines": 82, "excluded_lines": 0, "percent_statements_covered": 52.87356321839081, "percent_statements_covered_display": "53"}, "missing_lines": [76, 78, 80, 81, 83, 84, 85, 87, 88, 89, 90, 91, 92, 93, 94, 359, 361, 362, 369, 370, 371, 372, 373, 385, 387, 388, 389, 390, 391, 392, 393, 394, 410, 412, 413, 415, 416, 420, 421, 423, 424, 425, 426, 427, 450, 451, 452, 455, 456, 457, 458, 459, 460, 463, 464, 465, 466, 469, 470, 471, 474, 475, 476, 477, 478, 479, 480, 483, 484, 486, 487, 489, 490, 493, 494, 495, 497, 498, 499, 500, 505, 506], "excluded_lines": []}}}, "app/main.py": {"executed_lines": [1, 18, 19, 21, 22, 23, 24, 25, 26, 29, 30, 31, 32, 33, 34, 35, 36, 39, 41, 42, 76, 89, 98, 105, 106, 113, 114, 115, 123, 124, 127, 128, 132], "summary": {"covered_lines": 32, "num_statements": 47, "percent_covered": 68.08510638297872, "percent_covered_display": "68", "missing_lines": 15, "excluded_lines": 0, "percent_statements_covered": 68.08510638297872, "percent_statements_covered_display": "68"}, "missing_lines": [51, 52, 53, 56, 57, 58, 59, 61, 62, 63, 66, 68, 71, 72, 125], "excluded_lines": [], "functions": {"lifespan": {"executed_lines": [], "summary": {"covered_lines": 0, "num_statements": 14, "percent_covered": 0.0, "percent_covered_display": "0", "missing_lines": 14, "excluded_lines": 0, "percent_statements_covered": 0.0, "percent_statements_covered_display": "0"}, "missing_lines": [51, 52, 53, 56, 57, 58, 59, 61, 62, 63, 66, 68, 71, 72], "excluded_lines": []}, "read_root": {"executed_lines": [132], "summary": {"covered_lines": 1, "num_statements": 1, "percent_covered": 100.0, "percent_covered_display": "100", "missing_lines": 0, "excluded_lines": 0, "percent_statements_covered": 100.0, "percent_statements_covered_display": "100"}, "missing_lines": [], "excluded_lines": []}, "": {"executed_lines": [1, 18, 19, 21, 22, 23, 24, 25, 26, 29, 30, 31, 32, 33, 34, 35, 36, 39, 41, 42, 76, 89, 98, 105, 106, 113, 114, 115, 123, 124, 127, 128], "summary": {"covered_lines": 31, "num_statements": 32, "percent_covered": 96.875, "percent_covered_display": "97", "missing_lines": 1, "excluded_lines": 0, "percent_statements_covered": 96.875, "percent_statements_covered_display": "97"}, "missing_lines": [125], "excluded_lines": []}}, "classes": {"": {"executed_lines": [1, 18, 19, 21, 22, 23, 24, 25, 26, 29, 30, 31, 32, 33, 34, 35, 36, 39, 41, 42, 76, 89, 98, 105, 106, 113, 114, 115, 123, 124, 127, 128, 132], "summary": {"covered_lines": 32, "num_statements": 47, "percent_covered": 68.08510638297872, "percent_covered_display": "68", "missing_lines": 15, "excluded_lines": 0, "percent_statements_covered": 68.08510638297872, "percent_statements_covered_display": "68"}, "missing_lines": [51, 52, 53, 56, 57, 58, 59, 61, 62, 63, 66, 68, 71, 72, 125], "excluded_lines": []}}}, "app/models/msa.py": {"executed_lines": [1, 24, 25, 26, 29, 30, 43, 46, 49, 50, 51], "summary": {"covered_lines": 9, "num_statements": 9, "percent_covered": 100.0, "percent_covered_display": "100", "missing_lines": 0, "excluded_lines": 0, "percent_statements_covered": 100.0, "percent_statements_covered_display": "100"}, "missing_lines": [], "excluded_lines": [], "functions": {"": {"executed_lines": [1, 24, 25, 26, 29, 30, 43, 46, 49, 50, 51], "summary": {"covered_lines": 9, "num_statements": 9, "percent_covered": 100.0, "percent_covered_display": "100", "missing_lines": 0, "excluded_lines": 0, "percent_statements_covered": 100.0, "percent_statements_covered_display": "100"}, "missing_lines": [], "excluded_lines": []}}, "classes": {"MetropolitanArea": {"executed_lines": [], "summary": {"covered_lines": 0, "num_statements": 0, "percent_covered": 100.0, "percent_covered_display": "100", "missing_lines": 0, "excluded_lines": 0, "percent_statements_covered": 100.0, "percent_statements_covered_display": "100"}, "missing_lines": [], "excluded_lines": []}, "": {"executed_lines": [1, 24, 25, 26, 29, 30, 43, 46, 49, 50, 51], "summary": {"covered_lines": 9, "num_statements": 9, "percent_covered": 100.0, "percent_covered_display": "100", "missing_lines": 0, "excluded_lines": 0, "percent_statements_covered": 100.0, "percent_statements_covered_display": "100"}, "missing_lines": [], "excluded_lines": []}}}, "app/models/road_network.py": {"executed_lines": [1, 25, 26, 27, 28, 29, 54, 57, 62, 66, 67, 70, 71, 72, 73, 74, 77, 78, 81, 88, 92, 93, 97, 100, 103, 104, 107, 110, 113, 114, 129, 131, 132, 133, 134, 135, 136, 137], "summary": {"covered_lines": 35, "num_statements": 35, "percent_covered": 100.0, "percent_covered_display": "100", "missing_lines": 0, "excluded_lines": 0, "percent_statements_covered": 100.0, "percent_statements_covered_display": "100"}, "missing_lines": [], "excluded_lines": [], "functions": {"": {"executed_lines": [1, 25, 26, 27, 28, 29, 54, 57, 62, 66, 67, 70, 71, 72, 73, 74, 77, 78, 81, 88, 92, 93, 97, 100, 103, 104, 107, 110, 113, 114, 129, 131, 132, 133, 134, 135, 136, 137], "summary": {"covered_lines": 35, "num_statements": 35, "percent_covered": 100.0, "percent_covered_display": "100", "missing_lines": 0, "excluded_lines": 0, "percent_statements_covered": 100.0, "percent_statements_covered_display": "100"}, "missing_lines": [], "excluded_lines": []}}, "classes": {"RoadSegment": {"executed_lines": [], "summary": {"covered_lines": 0, "num_statements": 0, "percent_covered": 100.0, "percent_covered_display": "100", "missing_lines": 0, "excluded_lines": 0, "percent_statements_covered": 100.0, "percent_statements_covered_display": "100"}, "missing_lines": [], "excluded_lines": []}, "RestArea": {"executed_lines": [], "summary": {"covered_lines": 0, "num_statements": 0, "percent_covered": 100.0, "percent_covered_display": "100", "missing_lines": 0, "excluded_lines": 0, "percent_statements_covered": 100.0, "percent_statements_covered_display": "100"}, "missing_lines": [], "excluded_lines": []}, "": {"executed_lines": [1, 25, 26, 27, 28, 29, 54, 57, 62, 66, 67, 70, 71, 72, 73, 74, 77, 78, 81, 88, 92, 93, 97, 100, 103, 104, 107, 110, 113, 114, 129, 131, 132, 133, 134, 135, 136, 137], "summary": {"covered_lines": 35, "num_statements": 35, "percent_covered": 100.0, "percent_covered_display": "100", "missing_lines": 0, "excluded_lines": 0, "percent_statements_covered": 100.0, "percent_statements_covered_display": "100"}, "missing_lines": [], "excluded_lines": []}}}, "app/services/evacuation.py": {"executed_lines": [1, 21, 22, 23, 24, 25, 26, 29, 30, 42, 48, 50, 100, 109, 111, 193, 195, 267, 268], "summary": {"covered_lines": 17, "num_statements": 73, "percent_covered": 23.28767123287671, "percent_covered_display": "23", "missing_lines": 56, "excluded_lines": 0, "percent_statements_covered": 23.28767123287671, "percent_statements_covered_display": "23"}, "missing_lines": [112, 113, 115, 116, 119, 120, 121, 122, 124, 126, 127, 128, 130, 131, 132, 133, 138, 139, 141, 142, 143, 145, 148, 150, 151, 153, 155, 156, 158, 160, 161, 163, 165, 166, 168, 170, 171, 173, 175, 176, 179, 180, 182, 183, 184, 188, 189, 191, 250, 252, 254, 255, 261, 262, 263, 264], "excluded_lines": [], "functions": {"EvacuationService.__init__": {"executed_lines": [48], "summary": {"covered_lines": 1, "num_statements": 1, "percent_covered": 100.0, "percent_covered_display": "100", "missing_lines": 0, "excluded_lines": 0, "percent_statements_covered": 100.0, "percent_statements_covered_display": "100"}, "missing_lines": [], "excluded_lines": []}, "EvacuationService.generate_network_graph": {"executed_lines": [100, 109, 111, 193], "summary": {"covered_lines": 4, "num_statements": 52, "percent_covered": 7.6923076923076925, "percent_covered_display": "8", "missing_lines": 48, "excluded_lines": 0, "percent_statements_covered": 7.6923076923076925, "percent_statements_covered_display": "8"}, "missing_lines": [112, 113, 115, 116, 119, 120, 121, 122, 124, 126, 127, 128, 130, 131, 132, 133, 138, 139, 141, 142, 143, 145, 148, 150, 151, 153, 155, 156, 158, 160, 161, 163, 165, 166, 168, 170, 171, 173, 175, 176, 179, 180, 182, 183, 184, 188, 189, 191], "excluded_lines": []}, "EvacuationService.calculate_max_flow": {"executed_lines": [], "summary": {"covered_lines": 0, "num_statements": 8, "percent_covered": 0.0, "percent_covered_display": "0", "missing_lines": 8, "excluded_lines": 0, "percent_statements_covered": 0.0, "percent_statements_covered_display": "0"}, "missing_lines": [250, 252, 254, 255, 261, 262, 263, 264], "excluded_lines": []}, "": {"executed_lines": [1, 21, 22, 23, 24, 25, 26, 29, 30, 42, 50, 195, 267, 268], "summary": {"covered_lines": 12, "num_statements": 12, "percent_covered": 100.0, "percent_covered_display": "100", "missing_lines": 0, "excluded_lines": 0, "percent_statements_covered": 100.0, "percent_statements_covered_display": "100"}, "missing_lines": [], "excluded_lines": []}}, "classes": {"EvacuationService": {"executed_lines": [48, 100, 109, 111, 193], "summary": {"covered_lines": 5, "num_statements": 61, "percent_covered": 8.19672131147541, "percent_covered_display": "8", "missing_lines": 56, "excluded_lines": 0, "percent_statements_covered": 8.19672131147541, "percent_statements_covered_display": "8"}, "missing_lines": [112, 113, 115, 116, 119, 120, 121, 122, 124, 126, 127, 128, 130, 131, 132, 133, 138, 139, 141, 142, 143, 145, 148, 150, 151, 153, 155, 156, 158, 160, 161, 163, 165, 166, 168, 170, 171, 173, 175, 176, 179, 180, 182, 183, 184, 188, 189, 191, 250, 252, 254, 255, 261, 262, 263, 264], "excluded_lines": []}, "": {"executed_lines": [1, 21, 22, 23, 24, 25, 26, 29, 30, 42, 50, 195, 267, 268], "summary": {"covered_lines": 12, "num_statements": 12, "percent_covered": 100.0, "percent_covered_display": "100", "missing_lines": 0, "excluded_lines": 0, "percent_statements_covered": 100.0, "percent_statements_covered_display": "100"}, "missing_lines": [], "excluded_lines": []}}}}, "totals": {"covered_lines": 507, "num_statements": 1034, "percent_covered": 49.032882011605416, "percent_covered_display": "49", "missing_lines": 527, "excluded_lines": 0, "percent_statements_covered": 49.032882011605416, "percent_statements_covered_display": "49"}}